2022-06-19 06:47:18 startup archives unpack
2022-06-19 06:47:19 upgrade libss2:amd64 1.45.5-2ubuntu1 1.45.5-2ubuntu1.1
2022-06-19 06:47:19 status triggers-pending libc-bin:amd64 2.31-0ubuntu9.9
2022-06-19 06:47:19 status half-configured libss2:amd64 1.45.5-2ubuntu1
2022-06-19 06:47:19 status unpacked libss2:amd64 1.45.5-2ubuntu1
2022-06-19 06:47:19 status half-installed libss2:amd64 1.45.5-2ubuntu1
2022-06-19 06:47:19 status unpacked libss2:amd64 1.45.5-2ubuntu1.1
2022-06-19 06:47:19 startup packages configure
2022-06-19 06:47:19 configure libss2:amd64 1.45.5-2ubuntu1.1 <none>
2022-06-19 06:47:19 status unpacked libss2:amd64 1.45.5-2ubuntu1.1
2022-06-19 06:47:19 status half-configured libss2:amd64 1.45.5-2ubuntu1.1
2022-06-19 06:47:19 status installed libss2:amd64 1.45.5-2ubuntu1.1
2022-06-19 06:47:19 trigproc libc-bin:amd64 2.31-0ubuntu9.9 <none>
2022-06-19 06:47:19 status half-configured libc-bin:amd64 2.31-0ubuntu9.9
2022-06-19 06:47:19 status installed libc-bin:amd64 2.31-0ubuntu9.9
2022-06-19 06:47:24 startup archives unpack
2022-06-19 06:47:24 upgrade libext2fs2:amd64 1.45.5-2ubuntu1 1.45.5-2ubuntu1.1
2022-06-19 06:47:24 status triggers-pending libc-bin:amd64 2.31-0ubuntu9.9
2022-06-19 06:47:24 status half-configured libext2fs2:amd64 1.45.5-2ubuntu1
2022-06-19 06:47:24 status unpacked libext2fs2:amd64 1.45.5-2ubuntu1
2022-06-19 06:47:24 status half-installed libext2fs2:amd64 1.45.5-2ubuntu1
2022-06-19 06:47:24 status unpacked libext2fs2:amd64 1.45.5-2ubuntu1.1
2022-06-19 06:47:24 startup packages configure
2022-06-19 06:47:24 configure libext2fs2:amd64 1.45.5-2ubuntu1.1 <none>
2022-06-19 06:47:24 status unpacked libext2fs2:amd64 1.45.5-2ubuntu1.1
2022-06-19 06:47:24 status half-configured libext2fs2:amd64 1.45.5-2ubuntu1.1
2022-06-19 06:47:24 status installed libext2fs2:amd64 1.45.5-2ubuntu1.1
2022-06-19 06:47:24 startup archives unpack
2022-06-19 06:47:25 upgrade e2fsprogs:amd64 1.45.5-2ubuntu1 1.45.5-2ubuntu1.1
2022-06-19 06:47:25 status half-configured e2fsprogs:amd64 1.45.5-2ubuntu1
2022-06-19 06:47:25 status unpacked e2fsprogs:amd64 1.45.5-2ubuntu1
2022-06-19 06:47:25 status half-installed e2fsprogs:amd64 1.45.5-2ubuntu1
2022-06-19 06:47:25 status unpacked e2fsprogs:amd64 1.45.5-2ubuntu1.1
2022-06-19 06:47:25 startup packages configure
2022-06-19 06:47:25 configure e2fsprogs:amd64 1.45.5-2ubuntu1.1 <none>
2022-06-19 06:47:25 status unpacked e2fsprogs:amd64 1.45.5-2ubuntu1.1
2022-06-19 06:47:25 status half-configured e2fsprogs:amd64 1.45.5-2ubuntu1.1
2022-06-19 06:47:26 status installed e2fsprogs:amd64 1.45.5-2ubuntu1.1
2022-06-19 06:47:26 trigproc libc-bin:amd64 2.31-0ubuntu9.9 <none>
2022-06-19 06:47:26 status half-configured libc-bin:amd64 2.31-0ubuntu9.9
2022-06-19 06:47:26 status installed libc-bin:amd64 2.31-0ubuntu9.9
2022-06-19 06:47:30 startup archives unpack
2022-06-19 06:47:30 upgrade logsave:amd64 1.45.5-2ubuntu1 1.45.5-2ubuntu1.1
2022-06-19 06:47:30 status half-configured logsave:amd64 1.45.5-2ubuntu1
2022-06-19 06:47:30 status unpacked logsave:amd64 1.45.5-2ubuntu1
2022-06-19 06:47:30 status half-installed logsave:amd64 1.45.5-2ubuntu1
2022-06-19 06:47:30 status unpacked logsave:amd64 1.45.5-2ubuntu1.1
2022-06-19 06:47:31 startup packages configure
2022-06-19 06:47:31 configure logsave:amd64 1.45.5-2ubuntu1.1 <none>
2022-06-19 06:47:31 status unpacked logsave:amd64 1.45.5-2ubuntu1.1
2022-06-19 06:47:31 status half-configured logsave:amd64 1.45.5-2ubuntu1.1
2022-06-19 06:47:31 status installed logsave:amd64 1.45.5-2ubuntu1.1
